<?xml version="1.0" encoding="UTF-8"?>
<!-- Generated by org.testng.reporters.JUnitReportReporter -->
<testsuite skipped="0" hostname="NODE980" name="com.increvenue.test.IncRevenueDemoTest" tests="1" failures="0" timestamp="02 Oct 2018 17:08:47 GMT" time="14.692" errors="0">
  <testcase name="incRevenueAssigmentOne" time="14.692" classname="com.increvenue.test.IncRevenueDemoTest"/>
</testsuite> <!-- com.increvenue.test.IncRevenueDemoTest -->
