<?xml version="1.0" encoding="UTF-8"?>
<!-- Generated by org.testng.reporters.JUnitReportReporter -->
<testsuite skipped="0" hostname="NODE980" name="com.test.myTest.MyTest" tests="1" failures="0" timestamp="30 Sep 2018 09:55:51 GMT" time="52.184" errors="0">
  <testcase name="demoTest" time="52.184" classname="com.test.myTest.MyTest"/>
</testsuite> <!-- com.test.myTest.MyTest -->
