<?xml version="1.0" encoding="UTF-8"?>
<!-- Generated by org.testng.reporters.JUnitReportReporter -->
<testsuite skipped="0" hostname="NODE980" name="com.increvenue.test.MyTest" tests="1" failures="0" timestamp="02 Oct 2018 12:54:01 GMT" time="0.006" errors="0">
  <testcase name="incRevenueAssigmentOne" time="0.006" classname="com.increvenue.test.MyTest"/>
</testsuite> <!-- com.increvenue.test.MyTest -->
